<?xml version="1.0" encoding="UTF-8"?>
<!-- Generated by org.testng.reporters.JUnitReportReporter -->
<testsuite hostname="BDC11-L-886K2B3" failures="0" tests="3" name="TestNG.NewTest1" time="0.037" errors="0" timestamp="2023-12-11T16:11:55 IST" skipped="0">
  <testcase classname="TestNG.NewTest1" name="afterTest" time="0.018">
    <system-out>
      <![CDATA[helo before]]>
    </system-out>
  </testcase> <!-- afterTest -->
  <testcase classname="TestNG.NewTest1" name="beforeTest" time="0.006">
    <system-out>
      <![CDATA[hai before]]>
    </system-out>
  </testcase> <!-- beforeTest -->
  <testcase classname="TestNG.NewTest1" name="test1" time="0.013">
    <system-out>
      <![CDATA[helo]]>
    </system-out>
  </testcase> <!-- test1 -->
  <system-out>
    <![CDATA[helo before
hai before
helo]]>
  </system-out>
</testsuite> <!-- TestNG.NewTest1 -->
