<?xml version="1.0" encoding="UTF-8"?>
<!-- Generated by org.testng.reporters.JUnitReportReporter -->
<testsuite hostname="BDC11-L-886K2B3" failures="0" tests="3" name="TestNG.LoginTest" time="0.016" errors="0" timestamp="2023-12-11T19:51:11 IST" skipped="0">
  <testcase classname="TestNG.LoginTest" name="cLogoutTest" time="0.002">
    <system-out>
      <![CDATA[Logout]]>
    </system-out>
  </testcase> <!-- cLogoutTest -->
  <testcase classname="TestNG.LoginTest" name="aAddTest" time="0.012">
    <system-out>
      <![CDATA[add]]>
    </system-out>
  </testcase> <!-- aAddTest -->
  <testcase classname="TestNG.LoginTest" name="bloginTest" time="0.002">
    <system-out>
      <![CDATA[Login]]>
    </system-out>
  </testcase> <!-- bloginTest -->
  <system-out>
    <![CDATA[add
Login
Logout]]>
  </system-out>
</testsuite> <!-- TestNG.LoginTest -->
