<?xml version="1.0" encoding="UTF-8"?>
<!-- Generated by org.testng.reporters.JUnitReportReporter -->
<testsuite hostname="BDC11-L-886K2B3" failures="0" tests="2" name="TestNG.AddNumbers" time="0.053" errors="0" timestamp="2023-12-11T16:59:44 IST" skipped="0">
  <testcase classname="TestNG.AddNumbers" name="afterTest" time="0.048">
    <system-out>
      <![CDATA[helo before]]>
    </system-out>
  </testcase> <!-- afterTest -->
  <testcase classname="TestNG.AddNumbers" name="beforeTest" time="0.005">
    <system-out>
      <![CDATA[hai before]]>
    </system-out>
  </testcase> <!-- beforeTest -->
  <system-out>
    <![CDATA[helo before
hai before]]>
  </system-out>
</testsuite> <!-- TestNG.AddNumbers -->
